<?xml version="1.0" encoding="UTF-8"?>
<!-- Generated by org.testng.reporters.JUnitReportReporter -->
<testsuite skipped="0" hostname="all-PC" name="myPackage.TestNG_Demo1" tests="3" failures="0" timestamp="29 Aug 2018 06:04:13 GMT" time="0.030" errors="0">
  <testcase name="multiply" time="0.013" classname="myPackage.TestNG_Demo1"/>
  <testcase name="subtraction1" time="0.006" classname="myPackage.TestNG_Demo1"/>
  <testcase name="addition" time="0.011" classname="myPackage.TestNG_Demo1"/>
</testsuite> <!-- myPackage.TestNG_Demo1 -->
